<?xml version="1.0" encoding="UTF-8"?>
<!-- Generated by org.testng.reporters.JUnitXMLReporter -->
<testsuite ignored="0" hostname="LAPTOP-A8AI0BAJ" failures="0" tests="5" name="Test" time="0.213" errors="0" timestamp="2021-03-17T16:07:23 IST">
  <testcase classname="com.j.Maven.SeleniumTest" name="slenium2" time="0.025"/>
  <testcase classname="com.j.Maven.SeleniumTest" name="sullu2" time="0.004"/>
  <testcase classname="com.j.Maven.AppiumTest" name="slenium1" time="0.004"/>
  <testcase classname="com.j.Maven.AppiumTest" name="sullu1" time="0.008"/>
  <testcase classname="com.j.Maven.RestAPITest" name="sullu3" time="0.004"/>
</testsuite> <!-- Test -->
